<?xml version="1.0" encoding="UTF-8"?>
<testsuite xmlns:xsi="http://www.w3.org/2001/XMLSchema-instance" xsi:noNamespaceSchemaLocation="https://maven.apache.org/surefire/maven-surefire-plugin/xsd/surefire-test-report.xsd" version="3.0.2" name="com.tuusuario.taskmanager.TaskmanagerApplicationTests" time="4.026" tests="1" errors="0" skipped="0" failures="0">
  <properties>
[...]
</properties>
  <testcase name="contextLoads" classname="com.tuusuario.taskmanager.TaskmanagerApplicationTests" time="0.512">
    <system-out><![CDATA[23:35:29.780 [main] INFO org.springframework.test.context.support.AnnotationConfigContextLoaderUtils -- Could not detect default configuration classes for test class [com.tuusuario.taskmanager.TaskmanagerApplicationTests]: TaskmanagerApplicationTests does not declare any static, non-private, non-final, nested classes annotated with @Configuration.
23:35:29.878 [main] INFO org.springframework.boot.test.context.SpringBootTestContextBootstrapper -- Found @SpringBootConfiguration com.tuusuario.taskmanager.TaskmanagerApplication for test class com.tuusuario.taskmanager.TaskmanagerApplicationTests

  .   ____          _            __ _ _
 /\\ / ___'_ __ _ _(_)_ __  __ _ \ \ \ \
( ( )\___ | '_ | '_| | '_ \/ _` | \ \ \ \
 \\/  ___)| |_)| | | | | || (_| |  ) ) ) )
  '  |____| .__|_| |_|_| |_\__, | / / / /
 =========|_|==============|___/=/_/_/_/

 :: Spring Boot ::                (v3.4.2)

2025-02-04T23:35:30.284+01:00  INFO 50248 --- [taskmanager] [           main] c.t.t.TaskmanagerApplicationTests        : Starting TaskmanagerApplicationTests using Java 17.0.12 with PID 50248 (started by Edgar Nunez in C:\Users\Edgar Nunez\Documents\A-Programing projects\A-Github\SpringBoot_project\API REST de Gestión de Tareas_ Spring Boot, Spring Data JPA, H2\taskmanager)
2025-02-04T23:35:30.286+01:00  INFO 50248 --- [taskmanager] [           main] c.t.t.TaskmanagerApplicationTests        : No active profile set, falling back to 1 default profile: "default"
2025-02-04T23:35:30.864+01:00  INFO 50248 --- [taskmanager] [           main] .s.d.r.c.RepositoryConfigurationDelegate : Bootstrapping Spring Data JPA repositories in DEFAULT mode.
2025-02-04T23:35:30.897+01:00  INFO 50248 --- [taskmanager] [           main] .s.d.r.c.RepositoryConfigurationDelegate : Finished Spring Data repository scanning in 12 ms. Found 0 JPA repository interfaces.
2025-02-04T23:35:31.302+01:00  INFO 50248 --- [taskmanager] [           main] o.hibernate.jpa.internal.util.LogHelper  : HHH000204: Processing PersistenceUnitInfo [name: default]
2025-02-04T23:35:31.390+01:00  INFO 50248 --- [taskmanager] [           main] org.hibernate.Version                    : HHH000412: Hibernate ORM core version 6.6.5.Final
2025-02-04T23:35:31.432+01:00  INFO 50248 --- [taskmanager] [           main] o.h.c.internal.RegionFactoryInitiator    : HHH000026: Second-level cache disabled
2025-02-04T23:35:31.448+01:00  INFO 50248 --- [taskmanager] [           main] o.hibernate.annotations.common.Version   : HCANN000001: Hibernate Commons Annotations {5.1.2.Final}
2025-02-04T23:35:31.849+01:00  INFO 50248 --- [taskmanager] [           main] o.s.o.j.p.SpringPersistenceUnitInfo      : No LoadTimeWeaver setup: ignoring JPA class transformer
2025-02-04T23:35:31.876+01:00  INFO 50248 --- [taskmanager] [           main] com.zaxxer.hikari.HikariDataSource       : HikariPool-1 - Starting...
2025-02-04T23:35:32.017+01:00  INFO 50248 --- [taskmanager] [           main] com.zaxxer.hikari.pool.HikariPool        : HikariPool-1 - Added connection conn0: url=jdbc:h2:mem:testdb user=SA
2025-02-04T23:35:32.021+01:00  INFO 50248 --- [taskmanager] [           main] com.zaxxer.hikari.HikariDataSource       : HikariPool-1 - Start completed.
2025-02-04T23:35:32.042+01:00  WARN 50248 --- [taskmanager] [           main] org.hibernate.orm.deprecation            : HHH90000025: H2Dialect does not need to be specified explicitly using 'hibernate.dialect' (remove the property setting and it will be selected by default)
2025-02-04T23:35:32.063+01:00  INFO 50248 --- [taskmanager] [           main] org.hibernate.orm.connections.pooling    : HHH10001005: Database info:
	Database JDBC URL [Connecting through datasource 'HikariDataSource (HikariPool-1)']
	Database driver: undefined/unknown
	Database version: 2.3.232
	Autocommit mode: undefined/unknown
	Isolation level: undefined/unknown
	Minimum pool size: undefined/unknown
	Maximum pool size: undefined/unknown
2025-02-04T23:35:32.325+01:00  INFO 50248 --- [taskmanager] [           main] o.h.e.t.j.p.i.JtaPlatformInitiator       : HHH000489: No JTA platform available (set 'hibernate.transaction.jta.platform' to enable JTA platform integration)
2025-02-04T23:35:32.330+01:00  INFO 50248 --- [taskmanager] [           main] j.LocalContainerEntityManagerFactoryBean : Initialized JPA EntityManagerFactory for persistence unit 'default'
2025-02-04T23:35:32.498+01:00  WARN 50248 --- [taskmanager] [           main] JpaBaseConfiguration$JpaWebConfiguration : spring.jpa.open-in-view is enabled by default. Therefore, database queries may be performed during view rendering. Explicitly configure spring.jpa.open-in-view to disable this warning
2025-02-04T23:35:33.048+01:00  INFO 50248 --- [taskmanager] [           main] o.s.b.a.h2.H2ConsoleAutoConfiguration    : H2 console available at '/h2-console'. Database available at 'jdbc:h2:mem:testdb'
2025-02-04T23:35:33.124+01:00  INFO 50248 --- [taskmanager] [           main] c.t.t.TaskmanagerApplicationTests        : Started TaskmanagerApplicationTests in 3.09 seconds (process running for 4.141)
]]></system-out>
  </testcase>
</testsuite>